<?xml version="1.0" encoding="UTF-8"?>
<testsuite xmlns:xsi="http://www.w3.org/2001/XMLSchema-instance" xsi:noNamespaceSchemaLocation="https://maven.apache.org/surefire/maven-surefire-plugin/xsd/surefire-test-report-3.0.xsd" version="3.0" name="com.cache.CacheApplicationTests" time="0.733" tests="1" errors="1" skipped="0" failures="0">
  <properties>
    <property name="java.specification.version" value="17"/>
    <property name="sun.cpu.isalist" value="amd64"/>
    <property name="sun.jnu.encoding" value="Cp1252"/>
    <property name="java.class.path" value="D:\Laptop-Backup\Assignment\jpaspec\target\test-classes;D:\Laptop-Backup\Assignment\jpaspec\target\classes;C:\Users\shubhamb\.m2\repository\org\hibernate\orm\hibernate-jpamodelgen\6.1.7.Final\hibernate-jpamodelgen-6.1.7.Final.jar;C:\Users\shubhamb\.m2\repository\org\jboss\logging\jboss-logging\3.5.3.Final\jboss-logging-3.5.3.Final.jar;C:\Users\shubhamb\.m2\repository\jakarta\xml\bind\jakarta.xml.bind-api\4.0.2\jakarta.xml.bind-api-4.0.2.jar;C:\Users\shubhamb\.m2\repository\jakarta\activation\jakarta.activation-api\2.1.3\jakarta.activation-api-2.1.3.jar;C:\Users\shubhamb\.m2\repository\org\glassfish\jaxb\jaxb-runtime\4.0.5\jaxb-runtime-4.0.5.jar;C:\Users\shubhamb\.m2\repository\org\glassfish\jaxb\jaxb-core\4.0.5\jaxb-core-4.0.5.jar;C:\Users\shubhamb\.m2\repository\org\eclipse\angus\angus-activation\2.0.2\angus-activation-2.0.2.jar;C:\Users\shubhamb\.m2\repository\org\glassfish\jaxb\txw2\4.0.5\txw2-4.0.5.jar;C:\Users\shubhamb\.m2\repository\com\sun\istack\istack-commons-runtime\4.1.2\istack-commons-runtime-4.1.2.jar;C:\Users\shubhamb\.m2\repository\org\springframework\boot\spring-boot-starter-web\3.2.5\spring-boot-starter-web-3.2.5.jar;C:\Users\shubhamb\.m2\repository\org\springframework\boot\spring-boot-starter\3.2.5\spring-boot-starter-3.2.5.jar;C:\Users\shubhamb\.m2\repository\org\springframework\boot\spring-boot\3.2.5\spring-boot-3.2.5.jar;C:\Users\shubhamb\.m2\repository\org\springframework\boot\spring-boot-autoconfigure\3.2.5\spring-boot-autoconfigure-3.2.5.jar;C:\Users\shubhamb\.m2\repository\org\springframework\boot\spring-boot-starter-logging\3.2.5\spring-boot-starter-logging-3.2.5.jar;C:\Users\shubhamb\.m2\repository\ch\qos\logback\logback-classic\1.4.14\logback-classic-1.4.14.jar;C:\Users\shubhamb\.m2\repository\ch\qos\logback\logback-core\1.4.14\logback-core-1.4.14.jar;C:\Users\shubhamb\.m2\repository\org\apache\logging\log4j\log4j-to-slf4j\2.21.1\log4j-to-slf4j-2.21.1.jar;C:\Users\shubhamb\.m2\repository\org\apache\logging\log4j\log4j-api\2.21.1\log4j-api-2.21.1.jar;C:\Users\shubhamb\.m2\repository\org\slf4j\jul-to-slf4j\2.0.13\jul-to-slf4j-2.0.13.jar;C:\Users\shubhamb\.m2\repository\jakarta\annotation\jakarta.annotation-api\2.1.1\jakarta.annotation-api-2.1.1.jar;C:\Users\shubhamb\.m2\repository\org\yaml\snakeyaml\2.2\snakeyaml-2.2.jar;C:\Users\shubhamb\.m2\repository\org\springframework\boot\spring-boot-starter-json\3.2.5\spring-boot-starter-json-3.2.5.jar;C:\Users\shubhamb\.m2\repository\com\fasterxml\jackson\core\jackson-databind\2.15.4\jackson-databind-2.15.4.jar;C:\Users\shubhamb\.m2\repository\com\fasterxml\jackson\core\jackson-annotations\2.15.4\jackson-annotations-2.15.4.jar;C:\Users\shubhamb\.m2\repository\com\fasterxml\jackson\core\jackson-core\2.15.4\jackson-core-2.15.4.jar;C:\Users\shubhamb\.m2\repository\com\fasterxml\jackson\datatype\jackson-datatype-jdk8\2.15.4\jackson-datatype-jdk8-2.15.4.jar;C:\Users\shubhamb\.m2\repository\com\fasterxml\jackson\datatype\jackson-datatype-jsr310\2.15.4\jackson-datatype-jsr310-2.15.4.jar;C:\Users\shubhamb\.m2\repository\com\fasterxml\jackson\module\jackson-module-parameter-names\2.15.4\jackson-module-parameter-names-2.15.4.jar;C:\Users\shubhamb\.m2\repository\org\springframework\spring-web\6.1.6\spring-web-6.1.6.jar;C:\Users\shubhamb\.m2\repository\org\springframework\spring-beans\6.1.6\spring-beans-6.1.6.jar;C:\Users\shubhamb\.m2\repository\io\micrometer\micrometer-observation\1.12.5\micrometer-observation-1.12.5.jar;C:\Users\shubhamb\.m2\repository\io\micrometer\micrometer-commons\1.12.5\micrometer-commons-1.12.5.jar;C:\Users\shubhamb\.m2\repository\org\springframework\spring-webmvc\6.1.6\spring-webmvc-6.1.6.jar;C:\Users\shubhamb\.m2\repository\org\springframework\spring-aop\6.1.6\spring-aop-6.1.6.jar;C:\Users\shubhamb\.m2\repository\org\springframework\spring-context\6.1.6\spring-context-6.1.6.jar;C:\Users\shubhamb\.m2\repository\org\springframework\spring-expression\6.1.6\spring-expression-6.1.6.jar;C:\Users\shubhamb\.m2\repository\org\springframework\boot\spring-boot-starter-jetty\3.2.5\spring-boot-starter-jetty-3.2.5.jar;C:\Users\shubhamb\.m2\repository\jakarta\servlet\jakarta.servlet-api\6.0.0\jakarta.servlet-api-6.0.0.jar;C:\Users\shubhamb\.m2\repository\jakarta\websocket\jakarta.websocket-api\2.1.1\jakarta.websocket-api-2.1.1.jar;C:\Users\shubhamb\.m2\repository\jakarta\websocket\jakarta.websocket-client-api\2.1.1\jakarta.websocket-client-api-2.1.1.jar;C:\Users\shubhamb\.m2\repository\org\apache\tomcat\embed\tomcat-embed-el\10.1.20\tomcat-embed-el-10.1.20.jar;C:\Users\shubhamb\.m2\repository\org\eclipse\jetty\ee10\jetty-ee10-servlets\12.0.8\jetty-ee10-servlets-12.0.8.jar;C:\Users\shubhamb\.m2\repository\org\eclipse\jetty\jetty-http\12.0.8\jetty-http-12.0.8.jar;C:\Users\shubhamb\.m2\repository\org\eclipse\jetty\jetty-io\12.0.8\jetty-io-12.0.8.jar;C:\Users\shubhamb\.m2\repository\org\eclipse\jetty\jetty-util\12.0.8\jetty-util-12.0.8.jar;C:\Users\shubhamb\.m2\repository\org\slf4j\slf4j-api\2.0.13\slf4j-api-2.0.13.jar;C:\Users\shubhamb\.m2\repository\org\eclipse\jetty\ee10\jetty-ee10-webapp\12.0.8\jetty-ee10-webapp-12.0.8.jar;C:\Users\shubhamb\.m2\repository\org\eclipse\jetty\jetty-session\12.0.8\jetty-session-12.0.8.jar;C:\Users\shubhamb\.m2\repository\org\eclipse\jetty\jetty-server\12.0.8\jetty-server-12.0.8.jar;C:\Users\shubhamb\.m2\repository\org\eclipse\jetty\jetty-xml\12.0.8\jetty-xml-12.0.8.jar;C:\Users\shubhamb\.m2\repository\org\eclipse\jetty\ee10\jetty-ee10-servlet\12.0.8\jetty-ee10-servlet-12.0.8.jar;C:\Users\shubhamb\.m2\repository\org\eclipse\jetty\jetty-security\12.0.8\jetty-security-12.0.8.jar;C:\Users\shubhamb\.m2\repository\org\eclipse\jetty\ee10\websocket\jetty-ee10-websocket-jakarta-server\12.0.8\jetty-ee10-websocket-jakarta-server-12.0.8.jar;C:\Users\shubhamb\.m2\repository\org\eclipse\jetty\ee10\jetty-ee10-annotations\12.0.8\jetty-ee10-annotations-12.0.8.jar;C:\Users\shubhamb\.m2\repository\org\eclipse\jetty\ee10\jetty-ee10-plus\12.0.8\jetty-ee10-plus-12.0.8.jar;C:\Users\shubhamb\.m2\repository\jakarta\enterprise\jakarta.enterprise.cdi-api\4.0.1\jakarta.enterprise.cdi-api-4.0.1.jar;C:\Users\shubhamb\.m2\repository\jakarta\enterprise\jakarta.enterprise.lang-model\4.0.1\jakarta.enterprise.lang-model-4.0.1.jar;C:\Users\shubhamb\.m2\repository\jakarta\interceptor\jakarta.interceptor-api\2.1.0\jakarta.interceptor-api-2.1.0.jar;C:\Users\shubhamb\.m2\repository\org\eclipse\jetty\jetty-jndi\12.0.8\jetty-jndi-12.0.8.jar;C:\Users\shubhamb\.m2\repository\org\eclipse\jetty\jetty-plus\12.0.8\jetty-plus-12.0.8.jar;C:\Users\shubhamb\.m2\repository\org\ow2\asm\asm\9.7\asm-9.7.jar;C:\Users\shubhamb\.m2\repository\org\ow2\asm\asm-commons\9.7\asm-commons-9.7.jar;C:\Users\shubhamb\.m2\repository\org\ow2\asm\asm-tree\9.7\asm-tree-9.7.jar;C:\Users\shubhamb\.m2\repository\org\eclipse\jetty\ee10\websocket\jetty-ee10-websocket-jakarta-client\12.0.8\jetty-ee10-websocket-jakarta-client-12.0.8.jar;C:\Users\shubhamb\.m2\repository\org\eclipse\jetty\jetty-client\12.0.8\jetty-client-12.0.8.jar;C:\Users\shubhamb\.m2\repository\org\eclipse\jetty\jetty-alpn-client\12.0.8\jetty-alpn-client-12.0.8.jar;C:\Users\shubhamb\.m2\repository\org\eclipse\jetty\ee10\websocket\jetty-ee10-websocket-jakarta-common\12.0.8\jetty-ee10-websocket-jakarta-common-12.0.8.jar;C:\Users\shubhamb\.m2\repository\org\eclipse\jetty\websocket\jetty-websocket-core-client\12.0.8\jetty-websocket-core-client-12.0.8.jar;C:\Users\shubhamb\.m2\repository\org\eclipse\jetty\ee10\websocket\jetty-ee10-websocket-servlet\12.0.8\jetty-ee10-websocket-servlet-12.0.8.jar;C:\Users\shubhamb\.m2\repository\org\eclipse\jetty\websocket\jetty-websocket-core-server\12.0.8\jetty-websocket-core-server-12.0.8.jar;C:\Users\shubhamb\.m2\repository\org\eclipse\jetty\ee10\websocket\jetty-ee10-websocket-jetty-server\12.0.8\jetty-ee10-websocket-jetty-server-12.0.8.jar;C:\Users\shubhamb\.m2\repository\org\eclipse\jetty\websocket\jetty-websocket-jetty-api\12.0.8\jetty-websocket-jetty-api-12.0.8.jar;C:\Users\shubhamb\.m2\repository\org\eclipse\jetty\websocket\jetty-websocket-jetty-common\12.0.8\jetty-websocket-jetty-common-12.0.8.jar;C:\Users\shubhamb\.m2\repository\org\eclipse\jetty\websocket\jetty-websocket-core-common\12.0.8\jetty-websocket-core-common-12.0.8.jar;C:\Users\shubhamb\.m2\repository\com\example\v2\0.0.1\v2-0.0.1.jar;C:\Users\shubhamb\.m2\repository\org\springframework\boot\spring-boot-starter-validation\3.2.5\spring-boot-starter-validation-3.2.5.jar;C:\Users\shubhamb\.m2\repository\org\hibernate\validator\hibernate-validator\8.0.1.Final\hibernate-validator-8.0.1.Final.jar;C:\Users\shubhamb\.m2\repository\jakarta\validation\jakarta.validation-api\3.0.2\jakarta.validation-api-3.0.2.jar;C:\Users\shubhamb\.m2\repository\org\springdoc\springdoc-openapi-ui\1.7.0\springdoc-openapi-ui-1.7.0.jar;C:\Users\shubhamb\.m2\repository\org\springdoc\springdoc-openapi-webmvc-core\1.7.0\springdoc-openapi-webmvc-core-1.7.0.jar;C:\Users\shubhamb\.m2\repository\org\springdoc\springdoc-openapi-common\1.7.0\springdoc-openapi-common-1.7.0.jar;C:\Users\shubhamb\.m2\repository\io\swagger\core\v3\swagger-core\2.2.9\swagger-core-2.2.9.jar;C:\Users\shubhamb\.m2\repository\io\swagger\core\v3\swagger-annotations\2.2.9\swagger-annotations-2.2.9.jar;C:\Users\shubhamb\.m2\repository\io\swagger\core\v3\swagger-models\2.2.9\swagger-models-2.2.9.jar;C:\Users\shubhamb\.m2\repository\org\modelmapper\modelmapper\3.0.0\modelmapper-3.0.0.jar;C:\Users\shubhamb\.m2\repository\io\jsonwebtoken\jjwt-api\0.11.5\jjwt-api-0.11.5.jar;C:\Users\shubhamb\.m2\repository\io\jsonwebtoken\jjwt-impl\0.11.5\jjwt-impl-0.11.5.jar;C:\Users\shubhamb\.m2\repository\io\jsonwebtoken\jjwt-jackson\0.11.5\jjwt-jackson-0.11.5.jar;C:\Users\shubhamb\.m2\repository\com\amazonaws\aws-java-sdk\1.11.163\aws-java-sdk-1.11.163.jar;C:\Users\shubhamb\.m2\repository\com\amazonaws\aws-java-sdk-dax\1.11.163\aws-java-sdk-dax-1.11.163.jar;C:\Users\shubhamb\.m2\repository\com\amazonaws\jmespath-java\1.11.163\jmespath-java-1.11.163.jar;C:\Users\shubhamb\.m2\repository\com\amazonaws\aws-java-sdk-greengrass\1.11.163\aws-java-sdk-greengrass-1.11.163.jar;C:\Users\shubhamb\.m2\repository\com\amazonaws\aws-java-sdk-athena\1.11.163\aws-java-sdk-athena-1.11.163.jar;C:\Users\shubhamb\.m2\repository\com\amazonaws\aws-java-sdk-marketplaceentitlement\1.11.163\aws-java-sdk-marketplaceentitlement-1.11.163.jar;C:\Users\shubhamb\.m2\repository\com\amazonaws\aws-java-sdk-codestar\1.11.163\aws-java-sdk-codestar-1.11.163.jar;C:\Users\shubhamb\.m2\repository\com\amazonaws\aws-java-sdk-lexmodelbuilding\1.11.163\aws-java-sdk-lexmodelbuilding-1.11.163.jar;C:\Users\shubhamb\.m2\repository\com\amazonaws\aws-java-sdk-resourcegroupstaggingapi\1.11.163\aws-java-sdk-resourcegroupstaggingapi-1.11.163.jar;C:\Users\shubhamb\.m2\repository\com\amazonaws\aws-java-sdk-pinpoint\1.11.163\aws-java-sdk-pinpoint-1.11.163.jar;C:\Users\shubhamb\.m2\repository\com\amazonaws\aws-java-sdk-xray\1.11.163\aws-java-sdk-xray-1.11.163.jar;C:\Users\shubhamb\.m2\repository\com\amazonaws\aws-java-sdk-opsworkscm\1.11.163\aws-java-sdk-opsworkscm-1.11.163.jar;C:\Users\shubhamb\.m2\repository\com\amazonaws\aws-java-sdk-support\1.11.163\aws-java-sdk-support-1.11.163.jar;C:\Users\shubhamb\.m2\repository\com\amazonaws\aws-java-sdk-simpledb\1.11.163\aws-java-sdk-simpledb-1.11.163.jar;C:\Users\shubhamb\.m2\repository\com\amazonaws\aws-java-sdk-servicecatalog\1.11.163\aws-java-sdk-servicecatalog-1.11.163.jar;C:\Users\shubhamb\.m2\repository\com\amazonaws\aws-java-sdk-servermigration\1.11.163\aws-java-sdk-servermigration-1.11.163.jar;C:\Users\shubhamb\.m2\repository\com\amazonaws\aws-java-sdk-simpleworkflow\1.11.163\aws-java-sdk-simpleworkflow-1.11.163.jar;C:\Users\shubhamb\.m2\repository\com\amazonaws\aws-java-sdk-storagegateway\1.11.163\aws-java-sdk-storagegateway-1.11.163.jar;C:\Users\shubhamb\.m2\repository\com\amazonaws\aws-java-sdk-route53\1.11.163\aws-java-sdk-route53-1.11.163.jar;C:\Users\shubhamb\.m2\repository\com\amazonaws\aws-java-sdk-s3\1.11.163\aws-java-sdk-s3-1.11.163.jar;C:\Users\shubhamb\.m2\repository\com\amazonaws\aws-java-sdk-importexport\1.11.163\aws-java-sdk-importexport-1.11.163.jar;C:\Users\shubhamb\.m2\repository\com\amazonaws\aws-java-sdk-sts\1.11.163\aws-java-sdk-sts-1.11.163.jar;C:\Users\shubhamb\.m2\repository\com\amazonaws\aws-java-sdk-sqs\1.11.163\aws-java-sdk-sqs-1.11.163.jar;C:\Users\shubhamb\.m2\repository\com\amazonaws\aws-java-sdk-rds\1.11.163\aws-java-sdk-rds-1.11.163.jar;C:\Users\shubhamb\.m2\repository\com\amazonaws\aws-java-sdk-redshift\1.11.163\aws-java-sdk-redshift-1.11.163.jar;C:\Users\shubhamb\.m2\repository\com\amazonaws\aws-java-sdk-elasticbeanstalk\1.11.163\aws-java-sdk-elasticbeanstalk-1.11.163.jar;C:\Users\shubhamb\.m2\repository\com\amazonaws\aws-java-sdk-glacier\1.11.163\aws-java-sdk-glacier-1.11.163.jar;C:\Users\shubhamb\.m2\repository\com\amazonaws\aws-java-sdk-iam\1.11.163\aws-java-sdk-iam-1.11.163.jar;C:\Users\shubhamb\.m2\repository\com\amazonaws\aws-java-sdk-datapipeline\1.11.163\aws-java-sdk-datapipeline-1.11.163.jar;C:\Users\shubhamb\.m2\repository\com\amazonaws\aws-java-sdk-elasticloadbalancing\1.11.163\aws-java-sdk-elasticloadbalancing-1.11.163.jar;C:\Users\shubhamb\.m2\repository\com\amazonaws\aws-java-sdk-elasticloadbalancingv2\1.11.163\aws-java-sdk-elasticloadbalancingv2-1.11.163.jar;C:\Users\shubhamb\.m2\repository\com\amazonaws\aws-java-sdk-emr\1.11.163\aws-java-sdk-emr-1.11.163.jar;C:\Users\shubhamb\.m2\repository\com\amazonaws\aws-java-sdk-elasticache\1.11.163\aws-java-sdk-elasticache-1.11.163.jar;C:\Users\shubhamb\.m2\repository\com\amazonaws\aws-java-sdk-elastictranscoder\1.11.163\aws-java-sdk-elastictranscoder-1.11.163.jar;C:\Users\shubhamb\.m2\repository\com\amazonaws\aws-java-sdk-ec2\1.11.163\aws-java-sdk-ec2-1.11.163.jar;C:\Users\shubhamb\.m2\repository\com\amazonaws\aws-java-sdk-dynamodb\1.11.163\aws-java-sdk-dynamodb-1.11.163.jar;C:\Users\shubhamb\.m2\repository\com\amazonaws\aws-java-sdk-sns\1.11.163\aws-java-sdk-sns-1.11.163.jar;C:\Users\shubhamb\.m2\repository\com\amazonaws\aws-java-sdk-budgets\1.11.163\aws-java-sdk-budgets-1.11.163.jar;C:\Users\shubhamb\.m2\repository\com\amazonaws\aws-java-sdk-cloudtrail\1.11.163\aws-java-sdk-cloudtrail-1.11.163.jar;C:\Users\shubhamb\.m2\repository\com\amazonaws\aws-java-sdk-cloudwatch\1.11.163\aws-java-sdk-cloudwatch-1.11.163.jar;C:\Users\shubhamb\.m2\repository\com\amazonaws\aws-java-sdk-logs\1.11.163\aws-java-sdk-logs-1.11.163.jar;C:\Users\shubhamb\.m2\repository\com\amazonaws\aws-java-sdk-events\1.11.163\aws-java-sdk-events-1.11.163.jar;C:\Users\shubhamb\.m2\repository\com\amazonaws\aws-java-sdk-cognitoidentity\1.11.163\aws-java-sdk-cognitoidentity-1.11.163.jar;C:\Users\shubhamb\.m2\repository\com\amazonaws\aws-java-sdk-cognitosync\1.11.163\aws-java-sdk-cognitosync-1.11.163.jar;C:\Users\shubhamb\.m2\repository\com\amazonaws\aws-java-sdk-directconnect\1.11.163\aws-java-sdk-directconnect-1.11.163.jar;C:\Users\shubhamb\.m2\repository\com\amazonaws\aws-java-sdk-cloudformation\1.11.163\aws-java-sdk-cloudformation-1.11.163.jar;C:\Users\shubhamb\.m2\repository\com\amazonaws\aws-java-sdk-cloudfront\1.11.163\aws-java-sdk-cloudfront-1.11.163.jar;C:\Users\shubhamb\.m2\repository\com\amazonaws\aws-java-sdk-clouddirectory\1.11.163\aws-java-sdk-clouddirectory-1.11.163.jar;C:\Users\shubhamb\.m2\repository\com\amazonaws\aws-java-sdk-kinesis\1.11.163\aws-java-sdk-kinesis-1.11.163.jar;C:\Users\shubhamb\.m2\repository\com\amazonaws\aws-java-sdk-opsworks\1.11.163\aws-java-sdk-opsworks-1.11.163.jar;C:\Users\shubhamb\.m2\repository\com\amazonaws\aws-java-sdk-ses\1.11.163\aws-java-sdk-ses-1.11.163.jar;C:\Users\shubhamb\.m2\repository\com\amazonaws\aws-java-sdk-autoscaling\1.11.163\aws-java-sdk-autoscaling-1.11.163.jar;C:\Users\shubhamb\.m2\repository\com\amazonaws\aws-java-sdk-cloudsearch\1.11.163\aws-java-sdk-cloudsearch-1.11.163.jar;C:\Users\shubhamb\.m2\repository\com\amazonaws\aws-java-sdk-cloudwatchmetrics\1.11.163\aws-java-sdk-cloudwatchmetrics-1.11.163.jar;C:\Users\shubhamb\.m2\repository\com\amazonaws\aws-java-sdk-codedeploy\1.11.163\aws-java-sdk-codedeploy-1.11.163.jar;C:\Users\shubhamb\.m2\repository\com\amazonaws\aws-java-sdk-codepipeline\1.11.163\aws-java-sdk-codepipeline-1.11.163.jar;C:\Users\shubhamb\.m2\repository\com\amazonaws\aws-java-sdk-kms\1.11.163\aws-java-sdk-kms-1.11.163.jar;C:\Users\shubhamb\.m2\repository\com\amazonaws\aws-java-sdk-config\1.11.163\aws-java-sdk-config-1.11.163.jar;C:\Users\shubhamb\.m2\repository\com\amazonaws\aws-java-sdk-lambda\1.11.163\aws-java-sdk-lambda-1.11.163.jar;C:\Users\shubhamb\.m2\repository\com\amazonaws\aws-java-sdk-ecs\1.11.163\aws-java-sdk-ecs-1.11.163.jar;C:\Users\shubhamb\.m2\repository\com\amazonaws\aws-java-sdk-ecr\1.11.163\aws-java-sdk-ecr-1.11.163.jar;C:\Users\shubhamb\.m2\repository\com\amazonaws\aws-java-sdk-cloudhsm\1.11.163\aws-java-sdk-cloudhsm-1.11.163.jar;C:\Users\shubhamb\.m2\repository\com\amazonaws\aws-java-sdk-ssm\1.11.163\aws-java-sdk-ssm-1.11.163.jar;C:\Users\shubhamb\.m2\repository\com\amazonaws\aws-java-sdk-workspaces\1.11.163\aws-java-sdk-workspaces-1.11.163.jar;C:\Users\shubhamb\.m2\repository\com\amazonaws\aws-java-sdk-machinelearning\1.11.163\aws-java-sdk-machinelearning-1.11.163.jar;C:\Users\shubhamb\.m2\repository\com\amazonaws\aws-java-sdk-directory\1.11.163\aws-java-sdk-directory-1.11.163.jar;C:\Users\shubhamb\.m2\repository\com\amazonaws\aws-java-sdk-efs\1.11.163\aws-java-sdk-efs-1.11.163.jar;C:\Users\shubhamb\.m2\repository\com\amazonaws\aws-java-sdk-codecommit\1.11.163\aws-java-sdk-codecommit-1.11.163.jar;C:\Users\shubhamb\.m2\repository\com\amazonaws\aws-java-sdk-devicefarm\1.11.163\aws-java-sdk-devicefarm-1.11.163.jar;C:\Users\shubhamb\.m2\repository\com\amazonaws\aws-java-sdk-elasticsearch\1.11.163\aws-java-sdk-elasticsearch-1.11.163.jar;C:\Users\shubhamb\.m2\repository\com\amazonaws\aws-java-sdk-waf\1.11.163\aws-java-sdk-waf-1.11.163.jar;C:\Users\shubhamb\.m2\repository\com\amazonaws\aws-java-sdk-marketplacecommerceanalytics\1.11.163\aws-java-sdk-marketplacecommerceanalytics-1.11.163.jar;C:\Users\shubhamb\.m2\repository\com\amazonaws\aws-java-sdk-inspector\1.11.163\aws-java-sdk-inspector-1.11.163.jar;C:\Users\shubhamb\.m2\repository\com\amazonaws\aws-java-sdk-iot\1.11.163\aws-java-sdk-iot-1.11.163.jar;C:\Users\shubhamb\.m2\repository\com\amazonaws\aws-java-sdk-api-gateway\1.11.163\aws-java-sdk-api-gateway-1.11.163.jar;C:\Users\shubhamb\.m2\repository\com\amazonaws\aws-java-sdk-acm\1.11.163\aws-java-sdk-acm-1.11.163.jar;C:\Users\shubhamb\.m2\repository\com\amazonaws\aws-java-sdk-gamelift\1.11.163\aws-java-sdk-gamelift-1.11.163.jar;C:\Users\shubhamb\.m2\repository\com\amazonaws\aws-java-sdk-dms\1.11.163\aws-java-sdk-dms-1.11.163.jar;C:\Users\shubhamb\.m2\repository\com\amazonaws\aws-java-sdk-marketplacemeteringservice\1.11.163\aws-java-sdk-marketplacemeteringservice-1.11.163.jar;C:\Users\shubhamb\.m2\repository\com\amazonaws\aws-java-sdk-cognitoidp\1.11.163\aws-java-sdk-cognitoidp-1.11.163.jar;C:\Users\shubhamb\.m2\repository\com\amazonaws\aws-java-sdk-discovery\1.11.163\aws-java-sdk-discovery-1.11.163.jar;C:\Users\shubhamb\.m2\repository\com\amazonaws\aws-java-sdk-applicationautoscaling\1.11.163\aws-java-sdk-applicationautoscaling-1.11.163.jar;C:\Users\shubhamb\.m2\repository\com\amazonaws\aws-java-sdk-snowball\1.11.163\aws-java-sdk-snowball-1.11.163.jar;C:\Users\shubhamb\.m2\repository\com\amazonaws\aws-java-sdk-rekognition\1.11.163\aws-java-sdk-rekognition-1.11.163.jar;C:\Users\shubhamb\.m2\repository\com\amazonaws\aws-java-sdk-polly\1.11.163\aws-java-sdk-polly-1.11.163.jar;C:\Users\shubhamb\.m2\repository\com\amazonaws\aws-java-sdk-lightsail\1.11.163\aws-java-sdk-lightsail-1.11.163.jar;C:\Users\shubhamb\.m2\repository\com\amazonaws\aws-java-sdk-stepfunctions\1.11.163\aws-java-sdk-stepfunctions-1.11.163.jar;C:\Users\shubhamb\.m2\repository\com\amazonaws\aws-java-sdk-health\1.11.163\aws-java-sdk-health-1.11.163.jar;C:\Users\shubhamb\.m2\repository\com\amazonaws\aws-java-sdk-costandusagereport\1.11.163\aws-java-sdk-costandusagereport-1.11.163.jar;C:\Users\shubhamb\.m2\repository\com\amazonaws\aws-java-sdk-codebuild\1.11.163\aws-java-sdk-codebuild-1.11.163.jar;C:\Users\shubhamb\.m2\repository\com\amazonaws\aws-java-sdk-appstream\1.11.163\aws-java-sdk-appstream-1.11.163.jar;C:\Users\shubhamb\.m2\repository\com\amazonaws\aws-java-sdk-shield\1.11.163\aws-java-sdk-shield-1.11.163.jar;C:\Users\shubhamb\.m2\repository\com\amazonaws\aws-java-sdk-batch\1.11.163\aws-java-sdk-batch-1.11.163.jar;C:\Users\shubhamb\.m2\repository\com\amazonaws\aws-java-sdk-lex\1.11.163\aws-java-sdk-lex-1.11.163.jar;C:\Users\shubhamb\.m2\repository\com\amazonaws\aws-java-sdk-mechanicalturkrequester\1.11.163\aws-java-sdk-mechanicalturkrequester-1.11.163.jar;C:\Users\shubhamb\.m2\repository\com\amazonaws\aws-java-sdk-organizations\1.11.163\aws-java-sdk-organizations-1.11.163.jar;C:\Users\shubhamb\.m2\repository\com\amazonaws\aws-java-sdk-workdocs\1.11.163\aws-java-sdk-workdocs-1.11.163.jar;C:\Users\shubhamb\.m2\repository\com\amazonaws\aws-java-sdk-core\1.11.163\aws-java-sdk-core-1.11.163.jar;C:\Users\shubhamb\.m2\repository\commons-logging\commons-logging\1.1.3\commons-logging-1.1.3.jar;C:\Users\shubhamb\.m2\repository\org\apache\httpcomponents\httpclient\4.5.2\httpclient-4.5.2.jar;C:\Users\shubhamb\.m2\repository\org\apache\httpcomponents\httpcore\4.4.16\httpcore-4.4.16.jar;C:\Users\shubhamb\.m2\repository\commons-codec\commons-codec\1.16.1\commons-codec-1.16.1.jar;C:\Users\shubhamb\.m2\repository\software\amazon\ion\ion-java\1.0.2\ion-java-1.0.2.jar;C:\Users\shubhamb\.m2\repository\com\fasterxml\jackson\dataformat\jackson-dataformat-cbor\2.15.4\jackson-dataformat-cbor-2.15.4.jar;C:\Users\shubhamb\.m2\repository\joda-time\joda-time\2.8.1\joda-time-2.8.1.jar;C:\Users\shubhamb\.m2\repository\com\amazonaws\aws-java-sdk-models\1.11.163\aws-java-sdk-models-1.11.163.jar;C:\Users\shubhamb\.m2\repository\com\amazonaws\aws-java-sdk-swf-libraries\1.11.22\aws-java-sdk-swf-libraries-1.11.22.jar;C:\Users\shubhamb\.m2\repository\org\springframework\boot\spring-boot-starter-data-jpa\3.2.5\spring-boot-starter-data-jpa-3.2.5.jar;C:\Users\shubhamb\.m2\repository\org\springframework\boot\spring-boot-starter-aop\3.2.5\spring-boot-starter-aop-3.2.5.jar;C:\Users\shubhamb\.m2\repository\org\aspectj\aspectjweaver\1.9.22\aspectjweaver-1.9.22.jar;C:\Users\shubhamb\.m2\repository\org\springframework\boot\spring-boot-starter-jdbc\3.2.5\spring-boot-starter-jdbc-3.2.5.jar;C:\Users\shubhamb\.m2\repository\com\zaxxer\HikariCP\5.0.1\HikariCP-5.0.1.jar;C:\Users\shubhamb\.m2\repository\org\springframework\spring-jdbc\6.1.6\spring-jdbc-6.1.6.jar;C:\Users\shubhamb\.m2\repository\org\hibernate\orm\hibernate-core\6.4.4.Final\hibernate-core-6.4.4.Final.jar;C:\Users\shubhamb\.m2\repository\jakarta\persistence\jakarta.persistence-api\3.1.0\jakarta.persistence-api-3.1.0.jar;C:\Users\shubhamb\.m2\repository\jakarta\transaction\jakarta.transaction-api\2.0.1\jakarta.transaction-api-2.0.1.jar;C:\Users\shubhamb\.m2\repository\org\hibernate\common\hibernate-commons-annotations\6.0.6.Final\hibernate-commons-annotations-6.0.6.Final.jar;C:\Users\shubhamb\.m2\repository\io\smallrye\jandex\3.1.2\jandex-3.1.2.jar;C:\Users\shubhamb\.m2\repository\com\fasterxml\classmate\1.6.0\classmate-1.6.0.jar;C:\Users\shubhamb\.m2\repository\net\bytebuddy\byte-buddy\1.14.13\byte-buddy-1.14.13.jar;C:\Users\shubhamb\.m2\repository\jakarta\inject\jakarta.inject-api\2.0.1\jakarta.inject-api-2.0.1.jar;C:\Users\shubhamb\.m2\repository\org\antlr\antlr4-runtime\4.13.0\antlr4-runtime-4.13.0.jar;C:\Users\shubhamb\.m2\repository\org\springframework\data\spring-data-jpa\3.2.5\spring-data-jpa-3.2.5.jar;C:\Users\shubhamb\.m2\repository\org\springframework\data\spring-data-commons\3.2.5\spring-data-commons-3.2.5.jar;C:\Users\shubhamb\.m2\repository\org\springframework\spring-orm\6.1.6\spring-orm-6.1.6.jar;C:\Users\shubhamb\.m2\repository\org\springframework\spring-tx\6.1.6\spring-tx-6.1.6.jar;C:\Users\shubhamb\.m2\repository\org\springframework\spring-aspects\6.1.6\spring-aspects-6.1.6.jar;C:\Users\shubhamb\.m2\repository\org\projectlombok\lombok\1.18.32\lombok-1.18.32.jar;C:\Users\shubhamb\.m2\repository\com\h2database\h2\2.2.224\h2-2.2.224.jar;C:\Users\shubhamb\.m2\repository\org\springframework\boot\spring-boot-starter-test\3.2.5\spring-boot-starter-test-3.2.5.jar;C:\Users\shubhamb\.m2\repository\org\springframework\boot\spring-boot-test\3.2.5\spring-boot-test-3.2.5.jar;C:\Users\shubhamb\.m2\repository\org\springframework\boot\spring-boot-test-autoconfigure\3.2.5\spring-boot-test-autoconfigure-3.2.5.jar;C:\Users\shubhamb\.m2\repository\com\jayway\jsonpath\json-path\2.9.0\json-path-2.9.0.jar;C:\Users\shubhamb\.m2\repository\net\minidev\json-smart\2.5.1\json-smart-2.5.1.jar;C:\Users\shubhamb\.m2\repository\net\minidev\accessors-smart\2.5.1\accessors-smart-2.5.1.jar;C:\Users\shubhamb\.m2\repository\org\assertj\assertj-core\3.24.2\assertj-core-3.24.2.jar;C:\Users\shubhamb\.m2\repository\org\awaitility\awaitility\4.2.1\awaitility-4.2.1.jar;C:\Users\shubhamb\.m2\repository\org\hamcrest\hamcrest\2.2\hamcrest-2.2.jar;C:\Users\shubhamb\.m2\repository\org\junit\jupiter\junit-jupiter\5.10.2\junit-jupiter-5.10.2.jar;C:\Users\shubhamb\.m2\repository\org\junit\jupiter\junit-jupiter-api\5.10.2\junit-jupiter-api-5.10.2.jar;C:\Users\shubhamb\.m2\repository\org\opentest4j\opentest4j\1.3.0\opentest4j-1.3.0.jar;C:\Users\shubhamb\.m2\repository\org\junit\platform\junit-platform-commons\1.10.2\junit-platform-commons-1.10.2.jar;C:\Users\shubhamb\.m2\repository\org\apiguardian\apiguardian-api\1.1.2\apiguardian-api-1.1.2.jar;C:\Users\shubhamb\.m2\repository\org\junit\jupiter\junit-jupiter-params\5.10.2\junit-jupiter-params-5.10.2.jar;C:\Users\shubhamb\.m2\repository\org\junit\jupiter\junit-jupiter-engine\5.10.2\junit-jupiter-engine-5.10.2.jar;C:\Users\shubhamb\.m2\repository\org\junit\platform\junit-platform-engine\1.10.2\junit-platform-engine-1.10.2.jar;C:\Users\shubhamb\.m2\repository\org\mockito\mockito-core\5.7.0\mockito-core-5.7.0.jar;C:\Users\shubhamb\.m2\repository\net\bytebuddy\byte-buddy-agent\1.14.13\byte-buddy-agent-1.14.13.jar;C:\Users\shubhamb\.m2\repository\org\objenesis\objenesis\3.3\objenesis-3.3.jar;C:\Users\shubhamb\.m2\repository\org\mockito\mockito-junit-jupiter\5.7.0\mockito-junit-jupiter-5.7.0.jar;C:\Users\shubhamb\.m2\repository\org\skyscreamer\jsonassert\1.5.1\jsonassert-1.5.1.jar;C:\Users\shubhamb\.m2\repository\com\vaadin\external\google\android-json\0.0.20131108.vaadin1\android-json-0.0.20131108.vaadin1.jar;C:\Users\shubhamb\.m2\repository\org\springframework\spring-core\6.1.6\spring-core-6.1.6.jar;C:\Users\shubhamb\.m2\repository\org\springframework\spring-jcl\6.1.6\spring-jcl-6.1.6.jar;C:\Users\shubhamb\.m2\repository\org\springframework\spring-test\6.1.6\spring-test-6.1.6.jar;C:\Users\shubhamb\.m2\repository\org\xmlunit\xmlunit-core\2.9.1\xmlunit-core-2.9.1.jar;C:\Users\shubhamb\.m2\repository\org\springdoc\springdoc-openapi-starter-webmvc-ui\2.3.0\springdoc-openapi-starter-webmvc-ui-2.3.0.jar;C:\Users\shubhamb\.m2\repository\org\springdoc\springdoc-openapi-starter-webmvc-api\2.3.0\springdoc-openapi-starter-webmvc-api-2.3.0.jar;C:\Users\shubhamb\.m2\repository\org\springdoc\springdoc-openapi-starter-common\2.3.0\springdoc-openapi-starter-common-2.3.0.jar;C:\Users\shubhamb\.m2\repository\io\swagger\core\v3\swagger-core-jakarta\2.2.19\swagger-core-jakarta-2.2.19.jar;C:\Users\shubhamb\.m2\repository\org\apache\commons\commons-lang3\3.13.0\commons-lang3-3.13.0.jar;C:\Users\shubhamb\.m2\repository\io\swagger\core\v3\swagger-annotations-jakarta\2.2.19\swagger-annotations-jakarta-2.2.19.jar;C:\Users\shubhamb\.m2\repository\io\swagger\core\v3\swagger-models-jakarta\2.2.19\swagger-models-jakarta-2.2.19.jar;C:\Users\shubhamb\.m2\repository\com\fasterxml\jackson\dataformat\jackson-dataformat-yaml\2.15.4\jackson-dataformat-yaml-2.15.4.jar;C:\Users\shubhamb\.m2\repository\org\webjars\swagger-ui\5.10.3\swagger-ui-5.10.3.jar;"/>
    <property name="java.vm.vendor" value="Eclipse Adoptium"/>
    <property name="sun.arch.data.model" value="64"/>
    <property name="user.variant" value=""/>
    <property name="java.vendor.url" value="https://adoptium.net/"/>
    <property name="user.timezone" value="Asia/Calcutta"/>
    <property name="os.name" value="Windows 11"/>
    <property name="java.vm.specification.version" value="17"/>
    <property name="sun.java.launcher" value="SUN_STANDARD"/>
    <property name="user.country" value="US"/>
    <property name="sun.boot.library.path" value="C:\Users\shubhamb\.p2\pool\plugins\org.eclipse.justj.openjdk.hotspot.jre.full.win32.x86_64_17.0.10.v20240120-1143\jre\bin"/>
    <property name="sun.java.command" value="C:\Users\shubhamb\AppData\Local\Temp\surefire16377748857125399118\surefirebooter-20240516182144055_3.jar C:\Users\shubhamb\AppData\Local\Temp\surefire16377748857125399118 2024-05-16T18-21-43_799-jvmRun1 surefire-20240516182144055_1tmp surefire_0-20240516182144055_2tmp"/>
    <property name="jdk.debug" value="release"/>
    <property name="surefire.test.class.path" value="D:\Laptop-Backup\Assignment\jpaspec\target\test-classes;D:\Laptop-Backup\Assignment\jpaspec\target\classes;C:\Users\shubhamb\.m2\repository\org\hibernate\orm\hibernate-jpamodelgen\6.1.7.Final\hibernate-jpamodelgen-6.1.7.Final.jar;C:\Users\shubhamb\.m2\repository\org\jboss\logging\jboss-logging\3.5.3.Final\jboss-logging-3.5.3.Final.jar;C:\Users\shubhamb\.m2\repository\jakarta\xml\bind\jakarta.xml.bind-api\4.0.2\jakarta.xml.bind-api-4.0.2.jar;C:\Users\shubhamb\.m2\repository\jakarta\activation\jakarta.activation-api\2.1.3\jakarta.activation-api-2.1.3.jar;C:\Users\shubhamb\.m2\repository\org\glassfish\jaxb\jaxb-runtime\4.0.5\jaxb-runtime-4.0.5.jar;C:\Users\shubhamb\.m2\repository\org\glassfish\jaxb\jaxb-core\4.0.5\jaxb-core-4.0.5.jar;C:\Users\shubhamb\.m2\repository\org\eclipse\angus\angus-activation\2.0.2\angus-activation-2.0.2.jar;C:\Users\shubhamb\.m2\repository\org\glassfish\jaxb\txw2\4.0.5\txw2-4.0.5.jar;C:\Users\shubhamb\.m2\repository\com\sun\istack\istack-commons-runtime\4.1.2\istack-commons-runtime-4.1.2.jar;C:\Users\shubhamb\.m2\repository\org\springframework\boot\spring-boot-starter-web\3.2.5\spring-boot-starter-web-3.2.5.jar;C:\Users\shubhamb\.m2\repository\org\springframework\boot\spring-boot-starter\3.2.5\spring-boot-starter-3.2.5.jar;C:\Users\shubhamb\.m2\repository\org\springframework\boot\spring-boot\3.2.5\spring-boot-3.2.5.jar;C:\Users\shubhamb\.m2\repository\org\springframework\boot\spring-boot-autoconfigure\3.2.5\spring-boot-autoconfigure-3.2.5.jar;C:\Users\shubhamb\.m2\repository\org\springframework\boot\spring-boot-starter-logging\3.2.5\spring-boot-starter-logging-3.2.5.jar;C:\Users\shubhamb\.m2\repository\ch\qos\logback\logback-classic\1.4.14\logback-classic-1.4.14.jar;C:\Users\shubhamb\.m2\repository\ch\qos\logback\logback-core\1.4.14\logback-core-1.4.14.jar;C:\Users\shubhamb\.m2\repository\org\apache\logging\log4j\log4j-to-slf4j\2.21.1\log4j-to-slf4j-2.21.1.jar;C:\Users\shubhamb\.m2\repository\org\apache\logging\log4j\log4j-api\2.21.1\log4j-api-2.21.1.jar;C:\Users\shubhamb\.m2\repository\org\slf4j\jul-to-slf4j\2.0.13\jul-to-slf4j-2.0.13.jar;C:\Users\shubhamb\.m2\repository\jakarta\annotation\jakarta.annotation-api\2.1.1\jakarta.annotation-api-2.1.1.jar;C:\Users\shubhamb\.m2\repository\org\yaml\snakeyaml\2.2\snakeyaml-2.2.jar;C:\Users\shubhamb\.m2\repository\org\springframework\boot\spring-boot-starter-json\3.2.5\spring-boot-starter-json-3.2.5.jar;C:\Users\shubhamb\.m2\repository\com\fasterxml\jackson\core\jackson-databind\2.15.4\jackson-databind-2.15.4.jar;C:\Users\shubhamb\.m2\repository\com\fasterxml\jackson\core\jackson-annotations\2.15.4\jackson-annotations-2.15.4.jar;C:\Users\shubhamb\.m2\repository\com\fasterxml\jackson\core\jackson-core\2.15.4\jackson-core-2.15.4.jar;C:\Users\shubhamb\.m2\repository\com\fasterxml\jackson\datatype\jackson-datatype-jdk8\2.15.4\jackson-datatype-jdk8-2.15.4.jar;C:\Users\shubhamb\.m2\repository\com\fasterxml\jackson\datatype\jackson-datatype-jsr310\2.15.4\jackson-datatype-jsr310-2.15.4.jar;C:\Users\shubhamb\.m2\repository\com\fasterxml\jackson\module\jackson-module-parameter-names\2.15.4\jackson-module-parameter-names-2.15.4.jar;C:\Users\shubhamb\.m2\repository\org\springframework\spring-web\6.1.6\spring-web-6.1.6.jar;C:\Users\shubhamb\.m2\repository\org\springframework\spring-beans\6.1.6\spring-beans-6.1.6.jar;C:\Users\shubhamb\.m2\repository\io\micrometer\micrometer-observation\1.12.5\micrometer-observation-1.12.5.jar;C:\Users\shubhamb\.m2\repository\io\micrometer\micrometer-commons\1.12.5\micrometer-commons-1.12.5.jar;C:\Users\shubhamb\.m2\repository\org\springframework\spring-webmvc\6.1.6\spring-webmvc-6.1.6.jar;C:\Users\shubhamb\.m2\repository\org\springframework\spring-aop\6.1.6\spring-aop-6.1.6.jar;C:\Users\shubhamb\.m2\repository\org\springframework\spring-context\6.1.6\spring-context-6.1.6.jar;C:\Users\shubhamb\.m2\repository\org\springframework\spring-expression\6.1.6\spring-expression-6.1.6.jar;C:\Users\shubhamb\.m2\repository\org\springframework\boot\spring-boot-starter-jetty\3.2.5\spring-boot-starter-jetty-3.2.5.jar;C:\Users\shubhamb\.m2\repository\jakarta\servlet\jakarta.servlet-api\6.0.0\jakarta.servlet-api-6.0.0.jar;C:\Users\shubhamb\.m2\repository\jakarta\websocket\jakarta.websocket-api\2.1.1\jakarta.websocket-api-2.1.1.jar;C:\Users\shubhamb\.m2\repository\jakarta\websocket\jakarta.websocket-client-api\2.1.1\jakarta.websocket-client-api-2.1.1.jar;C:\Users\shubhamb\.m2\repository\org\apache\tomcat\embed\tomcat-embed-el\10.1.20\tomcat-embed-el-10.1.20.jar;C:\Users\shubhamb\.m2\repository\org\eclipse\jetty\ee10\jetty-ee10-servlets\12.0.8\jetty-ee10-servlets-12.0.8.jar;C:\Users\shubhamb\.m2\repository\org\eclipse\jetty\jetty-http\12.0.8\jetty-http-12.0.8.jar;C:\Users\shubhamb\.m2\repository\org\eclipse\jetty\jetty-io\12.0.8\jetty-io-12.0.8.jar;C:\Users\shubhamb\.m2\repository\org\eclipse\jetty\jetty-util\12.0.8\jetty-util-12.0.8.jar;C:\Users\shubhamb\.m2\repository\org\slf4j\slf4j-api\2.0.13\slf4j-api-2.0.13.jar;C:\Users\shubhamb\.m2\repository\org\eclipse\jetty\ee10\jetty-ee10-webapp\12.0.8\jetty-ee10-webapp-12.0.8.jar;C:\Users\shubhamb\.m2\repository\org\eclipse\jetty\jetty-session\12.0.8\jetty-session-12.0.8.jar;C:\Users\shubhamb\.m2\repository\org\eclipse\jetty\jetty-server\12.0.8\jetty-server-12.0.8.jar;C:\Users\shubhamb\.m2\repository\org\eclipse\jetty\jetty-xml\12.0.8\jetty-xml-12.0.8.jar;C:\Users\shubhamb\.m2\repository\org\eclipse\jetty\ee10\jetty-ee10-servlet\12.0.8\jetty-ee10-servlet-12.0.8.jar;C:\Users\shubhamb\.m2\repository\org\eclipse\jetty\jetty-security\12.0.8\jetty-security-12.0.8.jar;C:\Users\shubhamb\.m2\repository\org\eclipse\jetty\ee10\websocket\jetty-ee10-websocket-jakarta-server\12.0.8\jetty-ee10-websocket-jakarta-server-12.0.8.jar;C:\Users\shubhamb\.m2\repository\org\eclipse\jetty\ee10\jetty-ee10-annotations\12.0.8\jetty-ee10-annotations-12.0.8.jar;C:\Users\shubhamb\.m2\repository\org\eclipse\jetty\ee10\jetty-ee10-plus\12.0.8\jetty-ee10-plus-12.0.8.jar;C:\Users\shubhamb\.m2\repository\jakarta\enterprise\jakarta.enterprise.cdi-api\4.0.1\jakarta.enterprise.cdi-api-4.0.1.jar;C:\Users\shubhamb\.m2\repository\jakarta\enterprise\jakarta.enterprise.lang-model\4.0.1\jakarta.enterprise.lang-model-4.0.1.jar;C:\Users\shubhamb\.m2\repository\jakarta\interceptor\jakarta.interceptor-api\2.1.0\jakarta.interceptor-api-2.1.0.jar;C:\Users\shubhamb\.m2\repository\org\eclipse\jetty\jetty-jndi\12.0.8\jetty-jndi-12.0.8.jar;C:\Users\shubhamb\.m2\repository\org\eclipse\jetty\jetty-plus\12.0.8\jetty-plus-12.0.8.jar;C:\Users\shubhamb\.m2\repository\org\ow2\asm\asm\9.7\asm-9.7.jar;C:\Users\shubhamb\.m2\repository\org\ow2\asm\asm-commons\9.7\asm-commons-9.7.jar;C:\Users\shubhamb\.m2\repository\org\ow2\asm\asm-tree\9.7\asm-tree-9.7.jar;C:\Users\shubhamb\.m2\repository\org\eclipse\jetty\ee10\websocket\jetty-ee10-websocket-jakarta-client\12.0.8\jetty-ee10-websocket-jakarta-client-12.0.8.jar;C:\Users\shubhamb\.m2\repository\org\eclipse\jetty\jetty-client\12.0.8\jetty-client-12.0.8.jar;C:\Users\shubhamb\.m2\repository\org\eclipse\jetty\jetty-alpn-client\12.0.8\jetty-alpn-client-12.0.8.jar;C:\Users\shubhamb\.m2\repository\org\eclipse\jetty\ee10\websocket\jetty-ee10-websocket-jakarta-common\12.0.8\jetty-ee10-websocket-jakarta-common-12.0.8.jar;C:\Users\shubhamb\.m2\repository\org\eclipse\jetty\websocket\jetty-websocket-core-client\12.0.8\jetty-websocket-core-client-12.0.8.jar;C:\Users\shubhamb\.m2\repository\org\eclipse\jetty\ee10\websocket\jetty-ee10-websocket-servlet\12.0.8\jetty-ee10-websocket-servlet-12.0.8.jar;C:\Users\shubhamb\.m2\repository\org\eclipse\jetty\websocket\jetty-websocket-core-server\12.0.8\jetty-websocket-core-server-12.0.8.jar;C:\Users\shubhamb\.m2\repository\org\eclipse\jetty\ee10\websocket\jetty-ee10-websocket-jetty-server\12.0.8\jetty-ee10-websocket-jetty-server-12.0.8.jar;C:\Users\shubhamb\.m2\repository\org\eclipse\jetty\websocket\jetty-websocket-jetty-api\12.0.8\jetty-websocket-jetty-api-12.0.8.jar;C:\Users\shubhamb\.m2\repository\org\eclipse\jetty\websocket\jetty-websocket-jetty-common\12.0.8\jetty-websocket-jetty-common-12.0.8.jar;C:\Users\shubhamb\.m2\repository\org\eclipse\jetty\websocket\jetty-websocket-core-common\12.0.8\jetty-websocket-core-common-12.0.8.jar;C:\Users\shubhamb\.m2\repository\com\example\v2\0.0.1\v2-0.0.1.jar;C:\Users\shubhamb\.m2\repository\org\springframework\boot\spring-boot-starter-validation\3.2.5\spring-boot-starter-validation-3.2.5.jar;C:\Users\shubhamb\.m2\repository\org\hibernate\validator\hibernate-validator\8.0.1.Final\hibernate-validator-8.0.1.Final.jar;C:\Users\shubhamb\.m2\repository\jakarta\validation\jakarta.validation-api\3.0.2\jakarta.validation-api-3.0.2.jar;C:\Users\shubhamb\.m2\repository\org\springdoc\springdoc-openapi-ui\1.7.0\springdoc-openapi-ui-1.7.0.jar;C:\Users\shubhamb\.m2\repository\org\springdoc\springdoc-openapi-webmvc-core\1.7.0\springdoc-openapi-webmvc-core-1.7.0.jar;C:\Users\shubhamb\.m2\repository\org\springdoc\springdoc-openapi-common\1.7.0\springdoc-openapi-common-1.7.0.jar;C:\Users\shubhamb\.m2\repository\io\swagger\core\v3\swagger-core\2.2.9\swagger-core-2.2.9.jar;C:\Users\shubhamb\.m2\repository\io\swagger\core\v3\swagger-annotations\2.2.9\swagger-annotations-2.2.9.jar;C:\Users\shubhamb\.m2\repository\io\swagger\core\v3\swagger-models\2.2.9\swagger-models-2.2.9.jar;C:\Users\shubhamb\.m2\repository\org\modelmapper\modelmapper\3.0.0\modelmapper-3.0.0.jar;C:\Users\shubhamb\.m2\repository\io\jsonwebtoken\jjwt-api\0.11.5\jjwt-api-0.11.5.jar;C:\Users\shubhamb\.m2\repository\io\jsonwebtoken\jjwt-impl\0.11.5\jjwt-impl-0.11.5.jar;C:\Users\shubhamb\.m2\repository\io\jsonwebtoken\jjwt-jackson\0.11.5\jjwt-jackson-0.11.5.jar;C:\Users\shubhamb\.m2\repository\com\amazonaws\aws-java-sdk\1.11.163\aws-java-sdk-1.11.163.jar;C:\Users\shubhamb\.m2\repository\com\amazonaws\aws-java-sdk-dax\1.11.163\aws-java-sdk-dax-1.11.163.jar;C:\Users\shubhamb\.m2\repository\com\amazonaws\jmespath-java\1.11.163\jmespath-java-1.11.163.jar;C:\Users\shubhamb\.m2\repository\com\amazonaws\aws-java-sdk-greengrass\1.11.163\aws-java-sdk-greengrass-1.11.163.jar;C:\Users\shubhamb\.m2\repository\com\amazonaws\aws-java-sdk-athena\1.11.163\aws-java-sdk-athena-1.11.163.jar;C:\Users\shubhamb\.m2\repository\com\amazonaws\aws-java-sdk-marketplaceentitlement\1.11.163\aws-java-sdk-marketplaceentitlement-1.11.163.jar;C:\Users\shubhamb\.m2\repository\com\amazonaws\aws-java-sdk-codestar\1.11.163\aws-java-sdk-codestar-1.11.163.jar;C:\Users\shubhamb\.m2\repository\com\amazonaws\aws-java-sdk-lexmodelbuilding\1.11.163\aws-java-sdk-lexmodelbuilding-1.11.163.jar;C:\Users\shubhamb\.m2\repository\com\amazonaws\aws-java-sdk-resourcegroupstaggingapi\1.11.163\aws-java-sdk-resourcegroupstaggingapi-1.11.163.jar;C:\Users\shubhamb\.m2\repository\com\amazonaws\aws-java-sdk-pinpoint\1.11.163\aws-java-sdk-pinpoint-1.11.163.jar;C:\Users\shubhamb\.m2\repository\com\amazonaws\aws-java-sdk-xray\1.11.163\aws-java-sdk-xray-1.11.163.jar;C:\Users\shubhamb\.m2\repository\com\amazonaws\aws-java-sdk-opsworkscm\1.11.163\aws-java-sdk-opsworkscm-1.11.163.jar;C:\Users\shubhamb\.m2\repository\com\amazonaws\aws-java-sdk-support\1.11.163\aws-java-sdk-support-1.11.163.jar;C:\Users\shubhamb\.m2\repository\com\amazonaws\aws-java-sdk-simpledb\1.11.163\aws-java-sdk-simpledb-1.11.163.jar;C:\Users\shubhamb\.m2\repository\com\amazonaws\aws-java-sdk-servicecatalog\1.11.163\aws-java-sdk-servicecatalog-1.11.163.jar;C:\Users\shubhamb\.m2\repository\com\amazonaws\aws-java-sdk-servermigration\1.11.163\aws-java-sdk-servermigration-1.11.163.jar;C:\Users\shubhamb\.m2\repository\com\amazonaws\aws-java-sdk-simpleworkflow\1.11.163\aws-java-sdk-simpleworkflow-1.11.163.jar;C:\Users\shubhamb\.m2\repository\com\amazonaws\aws-java-sdk-storagegateway\1.11.163\aws-java-sdk-storagegateway-1.11.163.jar;C:\Users\shubhamb\.m2\repository\com\amazonaws\aws-java-sdk-route53\1.11.163\aws-java-sdk-route53-1.11.163.jar;C:\Users\shubhamb\.m2\repository\com\amazonaws\aws-java-sdk-s3\1.11.163\aws-java-sdk-s3-1.11.163.jar;C:\Users\shubhamb\.m2\repository\com\amazonaws\aws-java-sdk-importexport\1.11.163\aws-java-sdk-importexport-1.11.163.jar;C:\Users\shubhamb\.m2\repository\com\amazonaws\aws-java-sdk-sts\1.11.163\aws-java-sdk-sts-1.11.163.jar;C:\Users\shubhamb\.m2\repository\com\amazonaws\aws-java-sdk-sqs\1.11.163\aws-java-sdk-sqs-1.11.163.jar;C:\Users\shubhamb\.m2\repository\com\amazonaws\aws-java-sdk-rds\1.11.163\aws-java-sdk-rds-1.11.163.jar;C:\Users\shubhamb\.m2\repository\com\amazonaws\aws-java-sdk-redshift\1.11.163\aws-java-sdk-redshift-1.11.163.jar;C:\Users\shubhamb\.m2\repository\com\amazonaws\aws-java-sdk-elasticbeanstalk\1.11.163\aws-java-sdk-elasticbeanstalk-1.11.163.jar;C:\Users\shubhamb\.m2\repository\com\amazonaws\aws-java-sdk-glacier\1.11.163\aws-java-sdk-glacier-1.11.163.jar;C:\Users\shubhamb\.m2\repository\com\amazonaws\aws-java-sdk-iam\1.11.163\aws-java-sdk-iam-1.11.163.jar;C:\Users\shubhamb\.m2\repository\com\amazonaws\aws-java-sdk-datapipeline\1.11.163\aws-java-sdk-datapipeline-1.11.163.jar;C:\Users\shubhamb\.m2\repository\com\amazonaws\aws-java-sdk-elasticloadbalancing\1.11.163\aws-java-sdk-elasticloadbalancing-1.11.163.jar;C:\Users\shubhamb\.m2\repository\com\amazonaws\aws-java-sdk-elasticloadbalancingv2\1.11.163\aws-java-sdk-elasticloadbalancingv2-1.11.163.jar;C:\Users\shubhamb\.m2\repository\com\amazonaws\aws-java-sdk-emr\1.11.163\aws-java-sdk-emr-1.11.163.jar;C:\Users\shubhamb\.m2\repository\com\amazonaws\aws-java-sdk-elasticache\1.11.163\aws-java-sdk-elasticache-1.11.163.jar;C:\Users\shubhamb\.m2\repository\com\amazonaws\aws-java-sdk-elastictranscoder\1.11.163\aws-java-sdk-elastictranscoder-1.11.163.jar;C:\Users\shubhamb\.m2\repository\com\amazonaws\aws-java-sdk-ec2\1.11.163\aws-java-sdk-ec2-1.11.163.jar;C:\Users\shubhamb\.m2\repository\com\amazonaws\aws-java-sdk-dynamodb\1.11.163\aws-java-sdk-dynamodb-1.11.163.jar;C:\Users\shubhamb\.m2\repository\com\amazonaws\aws-java-sdk-sns\1.11.163\aws-java-sdk-sns-1.11.163.jar;C:\Users\shubhamb\.m2\repository\com\amazonaws\aws-java-sdk-budgets\1.11.163\aws-java-sdk-budgets-1.11.163.jar;C:\Users\shubhamb\.m2\repository\com\amazonaws\aws-java-sdk-cloudtrail\1.11.163\aws-java-sdk-cloudtrail-1.11.163.jar;C:\Users\shubhamb\.m2\repository\com\amazonaws\aws-java-sdk-cloudwatch\1.11.163\aws-java-sdk-cloudwatch-1.11.163.jar;C:\Users\shubhamb\.m2\repository\com\amazonaws\aws-java-sdk-logs\1.11.163\aws-java-sdk-logs-1.11.163.jar;C:\Users\shubhamb\.m2\repository\com\amazonaws\aws-java-sdk-events\1.11.163\aws-java-sdk-events-1.11.163.jar;C:\Users\shubhamb\.m2\repository\com\amazonaws\aws-java-sdk-cognitoidentity\1.11.163\aws-java-sdk-cognitoidentity-1.11.163.jar;C:\Users\shubhamb\.m2\repository\com\amazonaws\aws-java-sdk-cognitosync\1.11.163\aws-java-sdk-cognitosync-1.11.163.jar;C:\Users\shubhamb\.m2\repository\com\amazonaws\aws-java-sdk-directconnect\1.11.163\aws-java-sdk-directconnect-1.11.163.jar;C:\Users\shubhamb\.m2\repository\com\amazonaws\aws-java-sdk-cloudformation\1.11.163\aws-java-sdk-cloudformation-1.11.163.jar;C:\Users\shubhamb\.m2\repository\com\amazonaws\aws-java-sdk-cloudfront\1.11.163\aws-java-sdk-cloudfront-1.11.163.jar;C:\Users\shubhamb\.m2\repository\com\amazonaws\aws-java-sdk-clouddirectory\1.11.163\aws-java-sdk-clouddirectory-1.11.163.jar;C:\Users\shubhamb\.m2\repository\com\amazonaws\aws-java-sdk-kinesis\1.11.163\aws-java-sdk-kinesis-1.11.163.jar;C:\Users\shubhamb\.m2\repository\com\amazonaws\aws-java-sdk-opsworks\1.11.163\aws-java-sdk-opsworks-1.11.163.jar;C:\Users\shubhamb\.m2\repository\com\amazonaws\aws-java-sdk-ses\1.11.163\aws-java-sdk-ses-1.11.163.jar;C:\Users\shubhamb\.m2\repository\com\amazonaws\aws-java-sdk-autoscaling\1.11.163\aws-java-sdk-autoscaling-1.11.163.jar;C:\Users\shubhamb\.m2\repository\com\amazonaws\aws-java-sdk-cloudsearch\1.11.163\aws-java-sdk-cloudsearch-1.11.163.jar;C:\Users\shubhamb\.m2\repository\com\amazonaws\aws-java-sdk-cloudwatchmetrics\1.11.163\aws-java-sdk-cloudwatchmetrics-1.11.163.jar;C:\Users\shubhamb\.m2\repository\com\amazonaws\aws-java-sdk-codedeploy\1.11.163\aws-java-sdk-codedeploy-1.11.163.jar;C:\Users\shubhamb\.m2\repository\com\amazonaws\aws-java-sdk-codepipeline\1.11.163\aws-java-sdk-codepipeline-1.11.163.jar;C:\Users\shubhamb\.m2\repository\com\amazonaws\aws-java-sdk-kms\1.11.163\aws-java-sdk-kms-1.11.163.jar;C:\Users\shubhamb\.m2\repository\com\amazonaws\aws-java-sdk-config\1.11.163\aws-java-sdk-config-1.11.163.jar;C:\Users\shubhamb\.m2\repository\com\amazonaws\aws-java-sdk-lambda\1.11.163\aws-java-sdk-lambda-1.11.163.jar;C:\Users\shubhamb\.m2\repository\com\amazonaws\aws-java-sdk-ecs\1.11.163\aws-java-sdk-ecs-1.11.163.jar;C:\Users\shubhamb\.m2\repository\com\amazonaws\aws-java-sdk-ecr\1.11.163\aws-java-sdk-ecr-1.11.163.jar;C:\Users\shubhamb\.m2\repository\com\amazonaws\aws-java-sdk-cloudhsm\1.11.163\aws-java-sdk-cloudhsm-1.11.163.jar;C:\Users\shubhamb\.m2\repository\com\amazonaws\aws-java-sdk-ssm\1.11.163\aws-java-sdk-ssm-1.11.163.jar;C:\Users\shubhamb\.m2\repository\com\amazonaws\aws-java-sdk-workspaces\1.11.163\aws-java-sdk-workspaces-1.11.163.jar;C:\Users\shubhamb\.m2\repository\com\amazonaws\aws-java-sdk-machinelearning\1.11.163\aws-java-sdk-machinelearning-1.11.163.jar;C:\Users\shubhamb\.m2\repository\com\amazonaws\aws-java-sdk-directory\1.11.163\aws-java-sdk-directory-1.11.163.jar;C:\Users\shubhamb\.m2\repository\com\amazonaws\aws-java-sdk-efs\1.11.163\aws-java-sdk-efs-1.11.163.jar;C:\Users\shubhamb\.m2\repository\com\amazonaws\aws-java-sdk-codecommit\1.11.163\aws-java-sdk-codecommit-1.11.163.jar;C:\Users\shubhamb\.m2\repository\com\amazonaws\aws-java-sdk-devicefarm\1.11.163\aws-java-sdk-devicefarm-1.11.163.jar;C:\Users\shubhamb\.m2\repository\com\amazonaws\aws-java-sdk-elasticsearch\1.11.163\aws-java-sdk-elasticsearch-1.11.163.jar;C:\Users\shubhamb\.m2\repository\com\amazonaws\aws-java-sdk-waf\1.11.163\aws-java-sdk-waf-1.11.163.jar;C:\Users\shubhamb\.m2\repository\com\amazonaws\aws-java-sdk-marketplacecommerceanalytics\1.11.163\aws-java-sdk-marketplacecommerceanalytics-1.11.163.jar;C:\Users\shubhamb\.m2\repository\com\amazonaws\aws-java-sdk-inspector\1.11.163\aws-java-sdk-inspector-1.11.163.jar;C:\Users\shubhamb\.m2\repository\com\amazonaws\aws-java-sdk-iot\1.11.163\aws-java-sdk-iot-1.11.163.jar;C:\Users\shubhamb\.m2\repository\com\amazonaws\aws-java-sdk-api-gateway\1.11.163\aws-java-sdk-api-gateway-1.11.163.jar;C:\Users\shubhamb\.m2\repository\com\amazonaws\aws-java-sdk-acm\1.11.163\aws-java-sdk-acm-1.11.163.jar;C:\Users\shubhamb\.m2\repository\com\amazonaws\aws-java-sdk-gamelift\1.11.163\aws-java-sdk-gamelift-1.11.163.jar;C:\Users\shubhamb\.m2\repository\com\amazonaws\aws-java-sdk-dms\1.11.163\aws-java-sdk-dms-1.11.163.jar;C:\Users\shubhamb\.m2\repository\com\amazonaws\aws-java-sdk-marketplacemeteringservice\1.11.163\aws-java-sdk-marketplacemeteringservice-1.11.163.jar;C:\Users\shubhamb\.m2\repository\com\amazonaws\aws-java-sdk-cognitoidp\1.11.163\aws-java-sdk-cognitoidp-1.11.163.jar;C:\Users\shubhamb\.m2\repository\com\amazonaws\aws-java-sdk-discovery\1.11.163\aws-java-sdk-discovery-1.11.163.jar;C:\Users\shubhamb\.m2\repository\com\amazonaws\aws-java-sdk-applicationautoscaling\1.11.163\aws-java-sdk-applicationautoscaling-1.11.163.jar;C:\Users\shubhamb\.m2\repository\com\amazonaws\aws-java-sdk-snowball\1.11.163\aws-java-sdk-snowball-1.11.163.jar;C:\Users\shubhamb\.m2\repository\com\amazonaws\aws-java-sdk-rekognition\1.11.163\aws-java-sdk-rekognition-1.11.163.jar;C:\Users\shubhamb\.m2\repository\com\amazonaws\aws-java-sdk-polly\1.11.163\aws-java-sdk-polly-1.11.163.jar;C:\Users\shubhamb\.m2\repository\com\amazonaws\aws-java-sdk-lightsail\1.11.163\aws-java-sdk-lightsail-1.11.163.jar;C:\Users\shubhamb\.m2\repository\com\amazonaws\aws-java-sdk-stepfunctions\1.11.163\aws-java-sdk-stepfunctions-1.11.163.jar;C:\Users\shubhamb\.m2\repository\com\amazonaws\aws-java-sdk-health\1.11.163\aws-java-sdk-health-1.11.163.jar;C:\Users\shubhamb\.m2\repository\com\amazonaws\aws-java-sdk-costandusagereport\1.11.163\aws-java-sdk-costandusagereport-1.11.163.jar;C:\Users\shubhamb\.m2\repository\com\amazonaws\aws-java-sdk-codebuild\1.11.163\aws-java-sdk-codebuild-1.11.163.jar;C:\Users\shubhamb\.m2\repository\com\amazonaws\aws-java-sdk-appstream\1.11.163\aws-java-sdk-appstream-1.11.163.jar;C:\Users\shubhamb\.m2\repository\com\amazonaws\aws-java-sdk-shield\1.11.163\aws-java-sdk-shield-1.11.163.jar;C:\Users\shubhamb\.m2\repository\com\amazonaws\aws-java-sdk-batch\1.11.163\aws-java-sdk-batch-1.11.163.jar;C:\Users\shubhamb\.m2\repository\com\amazonaws\aws-java-sdk-lex\1.11.163\aws-java-sdk-lex-1.11.163.jar;C:\Users\shubhamb\.m2\repository\com\amazonaws\aws-java-sdk-mechanicalturkrequester\1.11.163\aws-java-sdk-mechanicalturkrequester-1.11.163.jar;C:\Users\shubhamb\.m2\repository\com\amazonaws\aws-java-sdk-organizations\1.11.163\aws-java-sdk-organizations-1.11.163.jar;C:\Users\shubhamb\.m2\repository\com\amazonaws\aws-java-sdk-workdocs\1.11.163\aws-java-sdk-workdocs-1.11.163.jar;C:\Users\shubhamb\.m2\repository\com\amazonaws\aws-java-sdk-core\1.11.163\aws-java-sdk-core-1.11.163.jar;C:\Users\shubhamb\.m2\repository\commons-logging\commons-logging\1.1.3\commons-logging-1.1.3.jar;C:\Users\shubhamb\.m2\repository\org\apache\httpcomponents\httpclient\4.5.2\httpclient-4.5.2.jar;C:\Users\shubhamb\.m2\repository\org\apache\httpcomponents\httpcore\4.4.16\httpcore-4.4.16.jar;C:\Users\shubhamb\.m2\repository\commons-codec\commons-codec\1.16.1\commons-codec-1.16.1.jar;C:\Users\shubhamb\.m2\repository\software\amazon\ion\ion-java\1.0.2\ion-java-1.0.2.jar;C:\Users\shubhamb\.m2\repository\com\fasterxml\jackson\dataformat\jackson-dataformat-cbor\2.15.4\jackson-dataformat-cbor-2.15.4.jar;C:\Users\shubhamb\.m2\repository\joda-time\joda-time\2.8.1\joda-time-2.8.1.jar;C:\Users\shubhamb\.m2\repository\com\amazonaws\aws-java-sdk-models\1.11.163\aws-java-sdk-models-1.11.163.jar;C:\Users\shubhamb\.m2\repository\com\amazonaws\aws-java-sdk-swf-libraries\1.11.22\aws-java-sdk-swf-libraries-1.11.22.jar;C:\Users\shubhamb\.m2\repository\org\springframework\boot\spring-boot-starter-data-jpa\3.2.5\spring-boot-starter-data-jpa-3.2.5.jar;C:\Users\shubhamb\.m2\repository\org\springframework\boot\spring-boot-starter-aop\3.2.5\spring-boot-starter-aop-3.2.5.jar;C:\Users\shubhamb\.m2\repository\org\aspectj\aspectjweaver\1.9.22\aspectjweaver-1.9.22.jar;C:\Users\shubhamb\.m2\repository\org\springframework\boot\spring-boot-starter-jdbc\3.2.5\spring-boot-starter-jdbc-3.2.5.jar;C:\Users\shubhamb\.m2\repository\com\zaxxer\HikariCP\5.0.1\HikariCP-5.0.1.jar;C:\Users\shubhamb\.m2\repository\org\springframework\spring-jdbc\6.1.6\spring-jdbc-6.1.6.jar;C:\Users\shubhamb\.m2\repository\org\hibernate\orm\hibernate-core\6.4.4.Final\hibernate-core-6.4.4.Final.jar;C:\Users\shubhamb\.m2\repository\jakarta\persistence\jakarta.persistence-api\3.1.0\jakarta.persistence-api-3.1.0.jar;C:\Users\shubhamb\.m2\repository\jakarta\transaction\jakarta.transaction-api\2.0.1\jakarta.transaction-api-2.0.1.jar;C:\Users\shubhamb\.m2\repository\org\hibernate\common\hibernate-commons-annotations\6.0.6.Final\hibernate-commons-annotations-6.0.6.Final.jar;C:\Users\shubhamb\.m2\repository\io\smallrye\jandex\3.1.2\jandex-3.1.2.jar;C:\Users\shubhamb\.m2\repository\com\fasterxml\classmate\1.6.0\classmate-1.6.0.jar;C:\Users\shubhamb\.m2\repository\net\bytebuddy\byte-buddy\1.14.13\byte-buddy-1.14.13.jar;C:\Users\shubhamb\.m2\repository\jakarta\inject\jakarta.inject-api\2.0.1\jakarta.inject-api-2.0.1.jar;C:\Users\shubhamb\.m2\repository\org\antlr\antlr4-runtime\4.13.0\antlr4-runtime-4.13.0.jar;C:\Users\shubhamb\.m2\repository\org\springframework\data\spring-data-jpa\3.2.5\spring-data-jpa-3.2.5.jar;C:\Users\shubhamb\.m2\repository\org\springframework\data\spring-data-commons\3.2.5\spring-data-commons-3.2.5.jar;C:\Users\shubhamb\.m2\repository\org\springframework\spring-orm\6.1.6\spring-orm-6.1.6.jar;C:\Users\shubhamb\.m2\repository\org\springframework\spring-tx\6.1.6\spring-tx-6.1.6.jar;C:\Users\shubhamb\.m2\repository\org\springframework\spring-aspects\6.1.6\spring-aspects-6.1.6.jar;C:\Users\shubhamb\.m2\repository\org\projectlombok\lombok\1.18.32\lombok-1.18.32.jar;C:\Users\shubhamb\.m2\repository\com\h2database\h2\2.2.224\h2-2.2.224.jar;C:\Users\shubhamb\.m2\repository\org\springframework\boot\spring-boot-starter-test\3.2.5\spring-boot-starter-test-3.2.5.jar;C:\Users\shubhamb\.m2\repository\org\springframework\boot\spring-boot-test\3.2.5\spring-boot-test-3.2.5.jar;C:\Users\shubhamb\.m2\repository\org\springframework\boot\spring-boot-test-autoconfigure\3.2.5\spring-boot-test-autoconfigure-3.2.5.jar;C:\Users\shubhamb\.m2\repository\com\jayway\jsonpath\json-path\2.9.0\json-path-2.9.0.jar;C:\Users\shubhamb\.m2\repository\net\minidev\json-smart\2.5.1\json-smart-2.5.1.jar;C:\Users\shubhamb\.m2\repository\net\minidev\accessors-smart\2.5.1\accessors-smart-2.5.1.jar;C:\Users\shubhamb\.m2\repository\org\assertj\assertj-core\3.24.2\assertj-core-3.24.2.jar;C:\Users\shubhamb\.m2\repository\org\awaitility\awaitility\4.2.1\awaitility-4.2.1.jar;C:\Users\shubhamb\.m2\repository\org\hamcrest\hamcrest\2.2\hamcrest-2.2.jar;C:\Users\shubhamb\.m2\repository\org\junit\jupiter\junit-jupiter\5.10.2\junit-jupiter-5.10.2.jar;C:\Users\shubhamb\.m2\repository\org\junit\jupiter\junit-jupiter-api\5.10.2\junit-jupiter-api-5.10.2.jar;C:\Users\shubhamb\.m2\repository\org\opentest4j\opentest4j\1.3.0\opentest4j-1.3.0.jar;C:\Users\shubhamb\.m2\repository\org\junit\platform\junit-platform-commons\1.10.2\junit-platform-commons-1.10.2.jar;C:\Users\shubhamb\.m2\repository\org\apiguardian\apiguardian-api\1.1.2\apiguardian-api-1.1.2.jar;C:\Users\shubhamb\.m2\repository\org\junit\jupiter\junit-jupiter-params\5.10.2\junit-jupiter-params-5.10.2.jar;C:\Users\shubhamb\.m2\repository\org\junit\jupiter\junit-jupiter-engine\5.10.2\junit-jupiter-engine-5.10.2.jar;C:\Users\shubhamb\.m2\repository\org\junit\platform\junit-platform-engine\1.10.2\junit-platform-engine-1.10.2.jar;C:\Users\shubhamb\.m2\repository\org\mockito\mockito-core\5.7.0\mockito-core-5.7.0.jar;C:\Users\shubhamb\.m2\repository\net\bytebuddy\byte-buddy-agent\1.14.13\byte-buddy-agent-1.14.13.jar;C:\Users\shubhamb\.m2\repository\org\objenesis\objenesis\3.3\objenesis-3.3.jar;C:\Users\shubhamb\.m2\repository\org\mockito\mockito-junit-jupiter\5.7.0\mockito-junit-jupiter-5.7.0.jar;C:\Users\shubhamb\.m2\repository\org\skyscreamer\jsonassert\1.5.1\jsonassert-1.5.1.jar;C:\Users\shubhamb\.m2\repository\com\vaadin\external\google\android-json\0.0.20131108.vaadin1\android-json-0.0.20131108.vaadin1.jar;C:\Users\shubhamb\.m2\repository\org\springframework\spring-core\6.1.6\spring-core-6.1.6.jar;C:\Users\shubhamb\.m2\repository\org\springframework\spring-jcl\6.1.6\spring-jcl-6.1.6.jar;C:\Users\shubhamb\.m2\repository\org\springframework\spring-test\6.1.6\spring-test-6.1.6.jar;C:\Users\shubhamb\.m2\repository\org\xmlunit\xmlunit-core\2.9.1\xmlunit-core-2.9.1.jar;C:\Users\shubhamb\.m2\repository\org\springdoc\springdoc-openapi-starter-webmvc-ui\2.3.0\springdoc-openapi-starter-webmvc-ui-2.3.0.jar;C:\Users\shubhamb\.m2\repository\org\springdoc\springdoc-openapi-starter-webmvc-api\2.3.0\springdoc-openapi-starter-webmvc-api-2.3.0.jar;C:\Users\shubhamb\.m2\repository\org\springdoc\springdoc-openapi-starter-common\2.3.0\springdoc-openapi-starter-common-2.3.0.jar;C:\Users\shubhamb\.m2\repository\io\swagger\core\v3\swagger-core-jakarta\2.2.19\swagger-core-jakarta-2.2.19.jar;C:\Users\shubhamb\.m2\repository\org\apache\commons\commons-lang3\3.13.0\commons-lang3-3.13.0.jar;C:\Users\shubhamb\.m2\repository\io\swagger\core\v3\swagger-annotations-jakarta\2.2.19\swagger-annotations-jakarta-2.2.19.jar;C:\Users\shubhamb\.m2\repository\io\swagger\core\v3\swagger-models-jakarta\2.2.19\swagger-models-jakarta-2.2.19.jar;C:\Users\shubhamb\.m2\repository\com\fasterxml\jackson\dataformat\jackson-dataformat-yaml\2.15.4\jackson-dataformat-yaml-2.15.4.jar;C:\Users\shubhamb\.m2\repository\org\webjars\swagger-ui\5.10.3\swagger-ui-5.10.3.jar;"/>
    <property name="sun.cpu.endian" value="little"/>
    <property name="user.home" value="C:\Users\shubhamb"/>
    <property name="user.language" value="en"/>
    <property name="java.specification.vendor" value="Oracle Corporation"/>
    <property name="java.version.date" value="2024-01-16"/>
    <property name="java.home" value="C:\Users\shubhamb\.p2\pool\plugins\org.eclipse.justj.openjdk.hotspot.jre.full.win32.x86_64_17.0.10.v20240120-1143\jre"/>
    <property name="file.separator" value="\"/>
    <property name="style.color" value="always"/>
    <property name="basedir" value="D:\Laptop-Backup\Assignment\jpaspec"/>
    <property name="java.vm.compressedOopsMode" value="Zero based"/>
    <property name="line.separator" value="&#10;"/>
    <property name="java.vm.specification.vendor" value="Oracle Corporation"/>
    <property name="java.specification.name" value="Java Platform API Specification"/>
    <property name="surefire.real.class.path" value="C:\Users\shubhamb\AppData\Local\Temp\surefire16377748857125399118\surefirebooter-20240516182144055_3.jar"/>
    <property name="user.script" value=""/>
    <property name="sun.management.compiler" value="HotSpot 64-Bit Tiered Compilers"/>
    <property name="java.runtime.version" value="17.0.10+7"/>
    <property name="user.name" value="shubhamb"/>
    <property name="path.separator" value=";"/>
    <property name="os.version" value="10.0"/>
    <property name="java.runtime.name" value="OpenJDK Runtime Environment"/>
    <property name="file.encoding" value="Cp1252"/>
    <property name="java.vm.name" value="OpenJDK 64-Bit Server VM"/>
    <property name="java.vendor.version" value="Temurin-17.0.10+7"/>
    <property name="localRepository" value="C:\Users\shubhamb\.m2\repository"/>
    <property name="java.vendor.url.bug" value="https://github.com/adoptium/adoptium-support/issues"/>
    <property name="java.io.tmpdir" value="C:\Users\shubhamb\AppData\Local\Temp\"/>
    <property name="java.version" value="17.0.10"/>
    <property name="user.dir" value="D:\Laptop-Backup\Assignment\jpaspec"/>
    <property name="os.arch" value="amd64"/>
    <property name="java.vm.specification.name" value="Java Virtual Machine Specification"/>
    <property name="sun.os.patch.level" value=""/>
    <property name="native.encoding" value="Cp1252"/>
    <property name="java.library.path" value="C:\Users\shubhamb\.p2\pool\plugins\org.eclipse.justj.openjdk.hotspot.jre.full.win32.x86_64_17.0.10.v20240120-1143\jre\bin;C:\WINDOWS\Sun\Java\bin;C:\WINDOWS\system32;C:\WINDOWS;C:/Users/shubhamb/.p2/pool/plugins/org.eclipse.justj.openjdk.hotspot.jre.full.win32.x86_64_17.0.10.v20240120-1143/jre/bin/server;C:/Users/shubhamb/.p2/pool/plugins/org.eclipse.justj.openjdk.hotspot.jre.full.win32.x86_64_17.0.10.v20240120-1143/jre/bin;C:\Program Files\Amazon Corretto\jdk11.0.21_9\bin;C:\Python312\Scripts\;C:\Python312\;C:\ffmpeg\bin;C:\Program Files\Amazon Corretto\jdk1.8.0_272\bin;C:\Program Files\ImageMagick-7.0.10-Q16-HDRI;C:\WINDOWS\system32;C:\WINDOWS;C:\WINDOWS\System32\Wbem;C:\WINDOWS\System32\WindowsPowerShell\v1.0\;C:\WINDOWS\System32\OpenSSH\;C:\Program Files\TortoiseGit\bin;C:\Program Files\TortoiseSVN\bin;C:\Program Files (x86)\Kaspersky Lab\KES.12.0.0\;C:\apache-maven-3.9.4\bin;C:\Users\omkarb\AppData\Local\Microsoft\WindowsApps;C:\Program Files\nodejs\;C:\ProgramData\chocolatey\bin;C:\Program Files\Java\jdk-11.0.15.1;C:\Users\shubhamb\AppData\Local\Microsoft\WindowsApps;C:\Users\shubhamb\AppData\Local\Programs\Git\cmd;C:\WINDOWS\System32;;."/>
    <property name="java.vm.info" value="mixed mode"/>
    <property name="java.vendor" value="Eclipse Adoptium"/>
    <property name="java.vm.version" value="17.0.10+7"/>
    <property name="sun.io.unicode.encoding" value="UnicodeLittle"/>
    <property name="java.class.version" value="61.0"/>
  </properties>
  <testcase name="" classname="com.cache.CacheApplicationTests" time="0.733">
    <error message="Unable to find a @SpringBootConfiguration, you need to use @ContextConfiguration or @SpringBootTest(classes=...) with your test" type="java.lang.IllegalStateException"><![CDATA[java.lang.IllegalStateException: Unable to find a @SpringBootConfiguration, you need to use @ContextConfiguration or @SpringBootTest(classes=...) with your test
	at org.springframework.util.Assert.state(Assert.java:76)
	at org.springframework.boot.test.context.SpringBootTestContextBootstrapper.findConfigurationClass(SpringBootTestContextBootstrapper.java:246)
	at org.springframework.boot.test.context.SpringBootTestContextBootstrapper.getOrFindConfigurationClasses(SpringBootTestContextBootstrapper.java:233)
	at org.springframework.boot.test.context.SpringBootTestContextBootstrapper.processMergedContextConfiguration(SpringBootTestContextBootstrapper.java:150)
	at org.springframework.test.context.support.AbstractTestContextBootstrapper.buildMergedContextConfiguration(AbstractTestContextBootstrapper.java:351)
	at org.springframework.test.context.support.AbstractTestContextBootstrapper.buildDefaultMergedContextConfiguration(AbstractTestContextBootstrapper.java:267)
	at org.springframework.test.context.support.AbstractTestContextBootstrapper.buildMergedContextConfiguration(AbstractTestContextBootstrapper.java:215)
	at org.springframework.test.context.support.AbstractTestContextBootstrapper.buildTestContext(AbstractTestContextBootstrapper.java:108)
	at org.springframework.boot.test.context.SpringBootTestContextBootstrapper.buildTestContext(SpringBootTestContextBootstrapper.java:111)
	at org.springframework.test.context.TestContextManager.<init>(TestContextManager.java:142)
	at org.springframework.test.context.TestContextManager.<init>(TestContextManager.java:126)
	at org.springframework.test.context.junit.jupiter.SpringExtension.getTestContextManager(SpringExtension.java:366)
	at org.springframework.test.context.junit.jupiter.SpringExtension.beforeAll(SpringExtension.java:131)
	at java.base/java.util.ArrayList.forEach(ArrayList.java:1511)
]]></error>
    <system-out><![CDATA[Standard Commons Logging discovery in action with spring-jcl: please remove commons-logging.jar from classpath in order to avoid potential conflicts
18:21:46.109 [main] INFO org.springframework.test.context.support.AnnotationConfigContextLoaderUtils -- Could not detect default configuration classes for test class [com.cache.CacheApplicationTests]: CacheApplicationTests does not declare any static, non-private, non-final, nested classes annotated with @Configuration.
]]></system-out>
  </testcase>
</testsuite>